2022-11-19T04:18:28+00:00 DEBUG Tt4b_Pixel_Class::inject_view_content_event: hit injectViewContentEvent
2022-11-19T04:18:28+00:00 DEBUG Tt4b_Pixel_Class::inject_view_content_event: Missing option "access_token"
2022-11-19T04:18:49+00:00 DEBUG tt4b_product_sync: missing access token for tt4b_product_sync
2022-11-19T04:19:56+00:00 DEBUG tt4b_product_sync: missing access token for tt4b_product_sync
2022-11-19T04:20:00+00:00 DEBUG tt4b_product_sync: missing access token for tt4b_product_sync
2022-11-19T04:22:27+00:00 DEBUG tt4b_product_sync: missing access token for tt4b_product_sync
2022-11-19T04:22:49+00:00 DEBUG Tt4b_Pixel_Class::inject_view_content_event: hit injectViewContentEvent
2022-11-19T04:22:49+00:00 DEBUG Tt4b_Pixel_Class::inject_view_content_event: Missing option "access_token"
2022-11-19T04:23:04+00:00 DEBUG Tt4b_Pixel_Class::inject_view_content_event: hit injectViewContentEvent
2022-11-19T04:23:04+00:00 DEBUG Tt4b_Pixel_Class::inject_view_content_event: Missing option "access_token"
2022-11-19T04:23:59+00:00 DEBUG tt4b_product_sync: missing access token for tt4b_product_sync
2022-11-19T04:24:14+00:00 DEBUG tt4b_product_sync: missing access token for tt4b_product_sync
2022-11-19T04:38:42+00:00 DEBUG Tt4b_Pixel_Class::inject_view_content_event: hit injectViewContentEvent
2022-11-19T04:38:42+00:00 DEBUG Tt4b_Pixel_Class::inject_view_content_event: Missing option "access_token"
2022-11-19T04:39:11+00:00 DEBUG tt4b_product_sync: missing access token for tt4b_product_sync
2022-11-19T04:39:25+00:00 DEBUG tt4b_product_sync: missing access token for tt4b_product_sync
2022-11-19T04:39:39+00:00 DEBUG tt4b_product_sync: missing access token for tt4b_product_sync
2022-11-19T04:40:20+00:00 DEBUG tt4b_product_sync: missing access token for tt4b_product_sync
2022-11-19T04:40:29+00:00 DEBUG tt4b_product_sync: missing access token for tt4b_product_sync
2022-11-19T04:41:59+00:00 DEBUG tt4b_product_sync: missing access token for tt4b_product_sync
2022-11-19T04:42:04+00:00 DEBUG tt4b_product_sync: missing access token for tt4b_product_sync
2022-11-19T04:43:09+00:00 DEBUG tt4b_product_sync: missing access token for tt4b_product_sync
2022-11-19T04:43:31+00:00 DEBUG tt4b_product_sync: missing access token for tt4b_product_sync
2022-11-19T04:43:54+00:00 DEBUG tt4b_product_sync: missing access token for tt4b_product_sync
2022-11-19T04:44:14+00:00 DEBUG tt4b_product_sync: missing access token for tt4b_product_sync
2022-11-19T04:45:12+00:00 DEBUG Tt4b_Pixel_Class::inject_view_content_event: hit injectViewContentEvent
2022-11-19T04:45:12+00:00 DEBUG Tt4b_Pixel_Class::inject_view_content_event: Missing option "access_token"
2022-11-19T04:57:54+00:00 DEBUG tt4b_product_sync: missing access token for tt4b_product_sync
2022-11-19T04:58:13+00:00 DEBUG Tt4b_Pixel_Class::inject_view_content_event: hit injectViewContentEvent
2022-11-19T04:58:13+00:00 DEBUG Tt4b_Pixel_Class::inject_view_content_event: Missing option "access_token"
2022-11-19T04:58:35+00:00 DEBUG Tt4b_Pixel_Class::inject_view_content_event: hit injectViewContentEvent
2022-11-19T04:58:35+00:00 DEBUG Tt4b_Pixel_Class::inject_view_content_event: Missing option "access_token"
2022-11-19T04:58:43+00:00 DEBUG Tt4b_Pixel_Class::inject_view_content_event: hit injectViewContentEvent
2022-11-19T04:58:43+00:00 DEBUG Tt4b_Pixel_Class::inject_view_content_event: Missing option "access_token"
2022-11-19T04:58:54+00:00 DEBUG tt4b_product_sync: missing access token for tt4b_product_sync
2022-11-19T04:59:05+00:00 DEBUG tt4b_product_sync: missing access token for tt4b_product_sync
2022-11-19T05:00:08+00:00 DEBUG tt4b_product_sync: missing access token for tt4b_product_sync
2022-11-19T05:07:03+00:00 DEBUG tt4b_product_sync: missing access token for tt4b_product_sync
2022-11-19T05:07:03+00:00 DEBUG tt4b_product_sync: missing access token for tt4b_product_sync
2022-11-19T05:07:03+00:00 DEBUG tt4b_product_sync: missing access token for tt4b_product_sync
2022-11-19T05:07:03+00:00 DEBUG tt4b_product_sync: missing access token for tt4b_product_sync
2022-11-19T05:07:03+00:00 DEBUG tt4b_product_sync: missing access token for tt4b_product_sync
2022-11-19T05:07:03+00:00 DEBUG tt4b_product_sync: missing access token for tt4b_product_sync
2022-11-19T05:07:03+00:00 DEBUG tt4b_product_sync: missing access token for tt4b_product_sync
2022-11-19T05:08:13+00:00 DEBUG tt4b_product_sync: missing access token for tt4b_product_sync
2022-11-19T05:12:47+00:00 DEBUG tt4b_product_sync: missing access token for tt4b_product_sync
2022-11-19T05:14:46+00:00 DEBUG tt4b_product_sync: missing access token for tt4b_product_sync
2022-11-19T05:14:57+00:00 DEBUG tt4b_product_sync: missing access token for tt4b_product_sync
2022-11-19T05:15:07+00:00 DEBUG tt4b_product_sync: missing access token for tt4b_product_sync
2022-11-19T05:15:14+00:00 DEBUG Tt4b_Pixel_Class::inject_view_content_event: hit injectViewContentEvent
2022-11-19T05:15:14+00:00 DEBUG Tt4b_Pixel_Class::inject_view_content_event: Missing option "access_token"
2022-11-19T05:15:41+00:00 DEBUG tt4b_product_sync: missing access token for tt4b_product_sync
2022-11-19T05:16:27+00:00 DEBUG tt4b_product_sync: missing access token for tt4b_product_sync
2022-11-19T05:17:20+00:00 DEBUG tt4b_product_sync: missing access token for tt4b_product_sync
2022-11-19T05:17:32+00:00 DEBUG tt4b_product_sync: missing access token for tt4b_product_sync
2022-11-19T05:18:33+00:00 DEBUG tt4b_product_sync: missing access token for tt4b_product_sync
2022-11-19T05:18:40+00:00 DEBUG tt4b_product_sync: missing access token for tt4b_product_sync
2022-11-19T05:18:47+00:00 DEBUG tt4b_product_sync: missing access token for tt4b_product_sync
2022-11-19T05:19:08+00:00 DEBUG tt4b_product_sync: missing access token for tt4b_product_sync
2022-11-19T05:19:10+00:00 DEBUG tt4b_product_sync: missing access token for tt4b_product_sync
2022-11-19T05:19:39+00:00 DEBUG tt4b_product_sync: missing access token for tt4b_product_sync
2022-11-19T05:19:46+00:00 DEBUG tt4b_product_sync: missing access token for tt4b_product_sync
2022-11-19T05:19:55+00:00 DEBUG tt4b_product_sync: missing access token for tt4b_product_sync
2022-11-19T05:20:19+00:00 DEBUG tt4b_product_sync: missing access token for tt4b_product_sync
2022-11-19T05:20:26+00:00 DEBUG tt4b_product_sync: missing access token for tt4b_product_sync
2022-11-19T05:20:35+00:00 DEBUG tt4b_product_sync: missing access token for tt4b_product_sync
2022-11-19T05:20:59+00:00 DEBUG tt4b_product_sync: missing access token for tt4b_product_sync
2022-11-19T05:21:05+00:00 DEBUG tt4b_product_sync: missing access token for tt4b_product_sync
2022-11-19T05:21:14+00:00 DEBUG tt4b_product_sync: missing access token for tt4b_product_sync
2022-11-19T05:21:35+00:00 DEBUG tt4b_product_sync: missing access token for tt4b_product_sync
2022-11-19T05:21:44+00:00 DEBUG tt4b_product_sync: missing access token for tt4b_product_sync
2022-11-19T05:21:51+00:00 DEBUG tt4b_product_sync: missing access token for tt4b_product_sync
2022-11-19T05:22:11+00:00 DEBUG tt4b_product_sync: missing access token for tt4b_product_sync
2022-11-19T05:22:18+00:00 DEBUG tt4b_product_sync: missing access token for tt4b_product_sync
2022-11-19T05:22:22+00:00 DEBUG tt4b_product_sync: missing access token for tt4b_product_sync
2022-11-19T05:22:40+00:00 DEBUG tt4b_product_sync: missing access token for tt4b_product_sync
2022-11-19T05:22:46+00:00 DEBUG tt4b_product_sync: missing access token for tt4b_product_sync
2022-11-19T05:22:53+00:00 DEBUG tt4b_product_sync: missing access token for tt4b_product_sync
2022-11-19T05:23:19+00:00 DEBUG tt4b_product_sync: missing access token for tt4b_product_sync
2022-11-19T05:23:30+00:00 DEBUG tt4b_product_sync: missing access token for tt4b_product_sync
2022-11-19T05:23:36+00:00 DEBUG tt4b_product_sync: missing access token for tt4b_product_sync
2022-11-19T05:24:03+00:00 DEBUG tt4b_product_sync: missing access token for tt4b_product_sync
2022-11-19T05:28:29+00:00 DEBUG Tt4b_Pixel_Class::inject_view_content_event: hit injectViewContentEvent
2022-11-19T05:28:29+00:00 DEBUG Tt4b_Pixel_Class::inject_view_content_event: Missing option "access_token"
2022-11-19T05:28:52+00:00 DEBUG Tt4b_Pixel_Class::inject_add_to_cart_event: hit injectAddToCartEvent
2022-11-19T05:28:52+00:00 DEBUG Tt4b_Pixel_Class::inject_add_to_cart_event: Missing option "access_token"
2022-11-19T05:28:52+00:00 DEBUG Tt4b_Pixel_Class::inject_view_content_event: hit injectViewContentEvent
2022-11-19T05:28:52+00:00 DEBUG Tt4b_Pixel_Class::inject_view_content_event: Missing option "access_token"
2022-11-19T05:29:07+00:00 DEBUG Tt4b_Pixel_Class::inject_view_content_event: hit injectViewContentEvent
2022-11-19T05:29:07+00:00 DEBUG Tt4b_Pixel_Class::inject_view_content_event: Missing option "access_token"
2022-11-19T05:29:22+00:00 DEBUG Tt4b_Pixel_Class::inject_start_checkout: hit injectStartCheckout
2022-11-19T05:29:22+00:00 DEBUG Tt4b_Pixel_Class::inject_start_checkout: Missing option "access_token"
2022-11-19T05:29:40+00:00 DEBUG Tt4b_Pixel_Class::inject_purchase_event: hit injectPurchaseEvent
2022-11-19T05:29:40+00:00 DEBUG Tt4b_Pixel_Class::inject_purchase_event: Missing option "access_token"
